#
# There is insufficient memory for the Java Runtime Environment to continue.
# Native memory allocation (malloc) failed to allocate 399616 bytes for Chunk::new
# Possible reasons:
#   The system is out of physical RAM or swap space
#   The process is running with CompressedOops enabled, and the Java Heap may be blocking the growth of the native heap
# Possible solutions:
#   Reduce memory load on the system
#   Increase physical memory or swap space
#   Check if swap backing store is full
#   Decrease Java heap size (-Xmx/-Xms)
#   Decrease number of Java threads
#   Decrease Java thread stack sizes (-Xss)
#   Set larger code cache with -XX:ReservedCodeCacheSize=
#   JVM is running with Unscaled Compressed Oops mode in which the Java heap is
#     placed in the first 4GB address space. The Java Heap base address is the
#     maximum limit for the native heap growth. Please use -XX:HeapBaseMinAddress
#     to set the Java Heap base and to place the Java Heap above 4GB virtual address.
# This output file may be truncated or incomplete.
#
#  Out of Memory Error (./open/src/hotspot/share/memory/arena.cpp:197), pid=11020, tid=18512
#
# JRE version: Java(TM) SE Runtime Environment 18.9 (11.0.17+10) (build 11.0.17+10-LTS-269)
# Java VM: Java HotSpot(TM) 64-Bit Server VM 18.9 (11.0.17+10-LTS-269, mixed mode, tiered, compressed oops, g1 gc, windows-amd64)
# No core dump will be written. Minidumps are not enabled by default on client versions of Windows
#

---------------  S U M M A R Y ------------

Command Line: -agentlib:jdwp=transport=dt_socket,address=127.0.0.1:10842,suspend=y,server=n -javaagent:C:\Users\SHYAMA~1\AppData\Local\Temp\captureAgent2jars\debugger-agent.jar -Dfile.encoding=UTF-8 com.carclinic.car_clinic_auto_workshop.LauncherWrapper

Host: Intel(R) Core(TM) i5-1035G1 CPU @ 1.00GHz, 8 cores, 7G,  Windows 11 , 64 bit Build 22621 (10.0.22621.2428)
Time: Tue Nov 14 16:45:21 2023 Sri Lanka Standard Time elapsed time: 2.059440 seconds (0d 0h 0m 2s)

---------------  T H R E A D  ---------------

Current thread (0x0000020d59a1c800):  JavaThread "C2 CompilerThread0" daemon [_thread_in_native, id=18512, stack(0x0000008e3b500000,0x0000008e3b600000)]


Current CompileTask:
C2:   2059 1295       4       java.lang.invoke.MethodType::makeImpl (108 bytes)

Stack: [0x0000008e3b500000,0x0000008e3b600000]
Native frames: (J=compiled Java code, j=interpreted, Vv=VM code, C=native code)
V  [jvm.dll+0x62b5da]
V  [jvm.dll+0x7653df]
V  [jvm.dll+0x766a89]
V  [jvm.dll+0x767113]
V  [jvm.dll+0x23dd28]
V  [jvm.dll+0xb2a1c]
V  [jvm.dll+0xb2fdc]
V  [jvm.dll+0x2aeaa4]
V  [jvm.dll+0x53e83b]
V  [jvm.dll+0x200b17]
V  [jvm.dll+0x1fa89a]
V  [jvm.dll+0x1f77dd]
V  [jvm.dll+0x177c91]
V  [jvm.dll+0x207296]
V  [jvm.dll+0x20542b]
V  [jvm.dll+0x72b2c0]
V  [jvm.dll+0x723e64]
V  [jvm.dll+0x62a485]
C  [ucrtbase.dll+0x29363]
C  [KERNEL32.DLL+0x1257d]
C  [ntdll.dll+0x5aa78]


---------------  P R O C E S S  ---------------

Threads class SMR info:
_java_thread_list=0x0000020d5b5fade0, length=18, elements={
0x0000020d3bb49000, 0x0000020d599f4000, 0x0000020d599fd000, 0x0000020d59a0c800,
0x0000020d59a12000, 0x0000020d5a367800, 0x0000020d59a1c800, 0x0000020d5a390000,
0x0000020d5a365000, 0x0000020d5a362800, 0x0000020d5a657000, 0x0000020d5a369000,
0x0000020d5a9ad800, 0x0000020d5a9da800, 0x0000020d5a368000, 0x0000020d5a363800,
0x0000020d5a364000, 0x0000020d5a366000
}

Java Threads: ( => current thread )
  0x0000020d3bb49000 JavaThread "main" [_thread_blocked, id=18388, stack(0x0000008e3a900000,0x0000008e3aa00000)]
  0x0000020d599f4000 JavaThread "Reference Handler" daemon [_thread_blocked, id=2900, stack(0x0000008e3b000000,0x0000008e3b100000)]
  0x0000020d599fd000 JavaThread "Finalizer" daemon [_thread_blocked, id=17356, stack(0x0000008e3b100000,0x0000008e3b200000)]
  0x0000020d59a0c800 JavaThread "Signal Dispatcher" daemon [_thread_blocked, id=11804, stack(0x0000008e3b200000,0x0000008e3b300000)]
  0x0000020d59a12000 JavaThread "Attach Listener" daemon [_thread_blocked, id=17348, stack(0x0000008e3b300000,0x0000008e3b400000)]
  0x0000020d5a367800 JavaThread "Service Thread" daemon [_thread_blocked, id=10272, stack(0x0000008e3b400000,0x0000008e3b500000)]
=>0x0000020d59a1c800 JavaThread "C2 CompilerThread0" daemon [_thread_in_native, id=18512, stack(0x0000008e3b500000,0x0000008e3b600000)]
  0x0000020d5a390000 JavaThread "C1 CompilerThread0" daemon [_thread_blocked, id=16008, stack(0x0000008e3b600000,0x0000008e3b700000)]
  0x0000020d5a365000 JavaThread "Sweeper thread" daemon [_thread_blocked, id=11992, stack(0x0000008e3b700000,0x0000008e3b800000)]
  0x0000020d5a362800 JavaThread "Common-Cleaner" daemon [_thread_blocked, id=10448, stack(0x0000008e3b800000,0x0000008e3b900000)]
  0x0000020d5a657000 JavaThread "JDWP Event Helper Thread" daemon [_thread_blocked, id=14340, stack(0x0000008e3bb00000,0x0000008e3bc00000)]
  0x0000020d5a369000 JavaThread "JavaFX-Launcher" [_thread_blocked, id=10780, stack(0x0000008e3bd00000,0x0000008e3be00000)]
  0x0000020d5a9ad800 JavaThread "C2 CompilerThread1" daemon [_thread_in_native, id=11520, stack(0x0000008e3be00000,0x0000008e3bf00000)]
  0x0000020d5a9da800 JavaThread "C2 CompilerThread2" daemon [_thread_blocked, id=10728, stack(0x0000008e3bf00000,0x0000008e3c000000)]
  0x0000020d5a368000 JavaThread "QuantumRenderer-0" daemon [_thread_blocked, id=19848, stack(0x0000008e3c000000,0x0000008e3c100000)]
  0x0000020d5a363800 JavaThread "InvokeLaterDispatcher" daemon [_thread_blocked, id=15068, stack(0x0000008e3c100000,0x0000008e3c200000)]
  0x0000020d5a364000 JavaThread "JavaFX Application Thread" [_thread_in_vm, id=3456, stack(0x0000008e3c200000,0x0000008e3c300000)]
  0x0000020d5a366000 JavaThread "Thread-2" daemon [_thread_in_native, id=12960, stack(0x0000008e3c500000,0x0000008e3c600000)]

Other Threads:
  0x0000020d599f2800 VMThread "VM Thread" [stack: 0x0000008e3af00000,0x0000008e3b000000] [id=12268]
  0x0000020d5a52e000 WatcherThread [stack: 0x0000008e3b900000,0x0000008e3ba00000] [id=6036]
  0x0000020d3bb5e000 GCTaskThread "GC Thread#0" [stack: 0x0000008e3aa00000,0x0000008e3ab00000] [id=5020]
  0x0000020d5b60c800 GCTaskThread "GC Thread#1" [stack: 0x0000008e3c600000,0x0000008e3c700000] [id=15960]
  0x0000020d5b4c2000 GCTaskThread "GC Thread#2" [stack: 0x0000008e3c700000,0x0000008e3c800000] [id=8612]
  0x0000020d5b4c7000 GCTaskThread "GC Thread#3" [stack: 0x0000008e3c800000,0x0000008e3c900000] [id=12280]
  0x0000020d5b46b800 GCTaskThread "GC Thread#4" [stack: 0x0000008e3c900000,0x0000008e3ca00000] [id=8340]
  0x0000020d5b46d000 GCTaskThread "GC Thread#5" [stack: 0x0000008e3ca00000,0x0000008e3cb00000] [id=2268]
  0x0000020d3bb90000 ConcurrentGCThread "G1 Main Marker" [stack: 0x0000008e3ab00000,0x0000008e3ac00000] [id=1624]
  0x0000020d3bb92800 ConcurrentGCThread "G1 Conc#0" [stack: 0x0000008e3ac00000,0x0000008e3ad00000] [id=5268]
  0x0000020d3bc17800 ConcurrentGCThread "G1 Refine#0" [stack: 0x0000008e3ad00000,0x0000008e3ae00000] [id=5800]
  0x0000020d3bc18800 ConcurrentGCThread "G1 Young RemSet Sampling" [stack: 0x0000008e3ae00000,0x0000008e3af00000] [id=14416]

Threads with active compile tasks:
C2 CompilerThread0     2091 1295       4       java.lang.invoke.MethodType::makeImpl (108 bytes)
C2 CompilerThread1     2091 1303       4       java.io.DataInputStream::readUTF (501 bytes)

VM state:not at safepoint (normal execution)

VM Mutex/Monitor currently owned by a thread: None

Heap address: 0x0000000083000000, size: 2000 MB, Compressed Oops mode: 32-bit
Narrow klass base: 0x0000000000000000, Narrow klass shift: 3
Compressed class space size: 1073741824 Address: 0x0000000100000000

Heap:
 garbage-first heap   total 129024K, used 15099K [0x0000000083000000, 0x0000000100000000)
  region size 1024K, 15 young (15360K), 3 survivors (3072K)
 Metaspace       used 16205K, capacity 16632K, committed 16896K, reserved 1064960K
  class space    used 1751K, capacity 1935K, committed 2048K, reserved 1048576K
Heap Regions: E=young(eden), S=young(survivor), O=old, HS=humongous(starts), HC=humongous(continues), CS=collection set, F=free, A=archive, TAMS=top-at-mark-start (previous, next)
|   0|0x0000000083000000, 0x00000000830bee00, 0x0000000083100000| 74%| O|  |TAMS 0x0000000083000000, 0x0000000083000000| Untracked 
|   1|0x0000000083100000, 0x0000000083100000, 0x0000000083200000|  0%| F|  |TAMS 0x0000000083100000, 0x0000000083100000| Untracked 
|   2|0x0000000083200000, 0x0000000083200000, 0x0000000083300000|  0%| F|  |TAMS 0x0000000083200000, 0x0000000083200000| Untracked 
|   3|0x0000000083300000, 0x0000000083300000, 0x0000000083400000|  0%| F|  |TAMS 0x0000000083300000, 0x0000000083300000| Untracked 
|   4|0x0000000083400000, 0x0000000083400000, 0x0000000083500000|  0%| F|  |TAMS 0x0000000083400000, 0x0000000083400000| Untracked 
|   5|0x0000000083500000, 0x0000000083500000, 0x0000000083600000|  0%| F|  |TAMS 0x0000000083500000, 0x0000000083500000| Untracked 
|   6|0x0000000083600000, 0x0000000083600000, 0x0000000083700000|  0%| F|  |TAMS 0x0000000083600000, 0x0000000083600000| Untracked 
|   7|0x0000000083700000, 0x0000000083700000, 0x0000000083800000|  0%| F|  |TAMS 0x0000000083700000, 0x0000000083700000| Untracked 
|   8|0x0000000083800000, 0x0000000083800000, 0x0000000083900000|  0%| F|  |TAMS 0x0000000083800000, 0x0000000083800000| Untracked 
|   9|0x0000000083900000, 0x0000000083900000, 0x0000000083a00000|  0%| F|  |TAMS 0x0000000083900000, 0x0000000083900000| Untracked 
|  10|0x0000000083a00000, 0x0000000083a00000, 0x0000000083b00000|  0%| F|  |TAMS 0x0000000083a00000, 0x0000000083a00000| Untracked 
|  11|0x0000000083b00000, 0x0000000083b00000, 0x0000000083c00000|  0%| F|  |TAMS 0x0000000083b00000, 0x0000000083b00000| Untracked 
|  12|0x0000000083c00000, 0x0000000083c00000, 0x0000000083d00000|  0%| F|  |TAMS 0x0000000083c00000, 0x0000000083c00000| Untracked 
|  13|0x0000000083d00000, 0x0000000083d00000, 0x0000000083e00000|  0%| F|  |TAMS 0x0000000083d00000, 0x0000000083d00000| Untracked 
|  14|0x0000000083e00000, 0x0000000083e00000, 0x0000000083f00000|  0%| F|  |TAMS 0x0000000083e00000, 0x0000000083e00000| Untracked 
|  15|0x0000000083f00000, 0x0000000083f00000, 0x0000000084000000|  0%| F|  |TAMS 0x0000000083f00000, 0x0000000083f00000| Untracked 
|  16|0x0000000084000000, 0x0000000084000000, 0x0000000084100000|  0%| F|  |TAMS 0x0000000084000000, 0x0000000084000000| Untracked 
|  17|0x0000000084100000, 0x0000000084100000, 0x0000000084200000|  0%| F|  |TAMS 0x0000000084100000, 0x0000000084100000| Untracked 
|  18|0x0000000084200000, 0x0000000084200000, 0x0000000084300000|  0%| F|  |TAMS 0x0000000084200000, 0x0000000084200000| Untracked 
|  19|0x0000000084300000, 0x0000000084300000, 0x0000000084400000|  0%| F|  |TAMS 0x0000000084300000, 0x0000000084300000| Untracked 
|  20|0x0000000084400000, 0x0000000084400000, 0x0000000084500000|  0%| F|  |TAMS 0x0000000084400000, 0x0000000084400000| Untracked 
|  21|0x0000000084500000, 0x0000000084500000, 0x0000000084600000|  0%| F|  |TAMS 0x0000000084500000, 0x0000000084500000| Untracked 
|  22|0x0000000084600000, 0x0000000084600000, 0x0000000084700000|  0%| F|  |TAMS 0x0000000084600000, 0x0000000084600000| Untracked 
|  23|0x0000000084700000, 0x0000000084700000, 0x0000000084800000|  0%| F|  |TAMS 0x0000000084700000, 0x0000000084700000| Untracked 
|  24|0x0000000084800000, 0x0000000084800000, 0x0000000084900000|  0%| F|  |TAMS 0x0000000084800000, 0x0000000084800000| Untracked 
|  25|0x0000000084900000, 0x0000000084900000, 0x0000000084a00000|  0%| F|  |TAMS 0x0000000084900000, 0x0000000084900000| Untracked 
|  26|0x0000000084a00000, 0x0000000084a00000, 0x0000000084b00000|  0%| F|  |TAMS 0x0000000084a00000, 0x0000000084a00000| Untracked 
|  27|0x0000000084b00000, 0x0000000084b00000, 0x0000000084c00000|  0%| F|  |TAMS 0x0000000084b00000, 0x0000000084b00000| Untracked 
|  28|0x0000000084c00000, 0x0000000084c00000, 0x0000000084d00000|  0%| F|  |TAMS 0x0000000084c00000, 0x0000000084c00000| Untracked 
|  29|0x0000000084d00000, 0x0000000084d00000, 0x0000000084e00000|  0%| F|  |TAMS 0x0000000084d00000, 0x0000000084d00000| Untracked 
|  30|0x0000000084e00000, 0x0000000084e00000, 0x0000000084f00000|  0%| F|  |TAMS 0x0000000084e00000, 0x0000000084e00000| Untracked 
|  31|0x0000000084f00000, 0x0000000084f00000, 0x0000000085000000|  0%| F|  |TAMS 0x0000000084f00000, 0x0000000084f00000| Untracked 
|  32|0x0000000085000000, 0x0000000085000000, 0x0000000085100000|  0%| F|  |TAMS 0x0000000085000000, 0x0000000085000000| Untracked 
|  33|0x0000000085100000, 0x0000000085100000, 0x0000000085200000|  0%| F|  |TAMS 0x0000000085100000, 0x0000000085100000| Untracked 
|  34|0x0000000085200000, 0x0000000085200000, 0x0000000085300000|  0%| F|  |TAMS 0x0000000085200000, 0x0000000085200000| Untracked 
|  35|0x0000000085300000, 0x0000000085300000, 0x0000000085400000|  0%| F|  |TAMS 0x0000000085300000, 0x0000000085300000| Untracked 
|  36|0x0000000085400000, 0x0000000085400000, 0x0000000085500000|  0%| F|  |TAMS 0x0000000085400000, 0x0000000085400000| Untracked 
|  37|0x0000000085500000, 0x0000000085500000, 0x0000000085600000|  0%| F|  |TAMS 0x0000000085500000, 0x0000000085500000| Untracked 
|  38|0x0000000085600000, 0x0000000085600000, 0x0000000085700000|  0%| F|  |TAMS 0x0000000085600000, 0x0000000085600000| Untracked 
|  39|0x0000000085700000, 0x0000000085700000, 0x0000000085800000|  0%| F|  |TAMS 0x0000000085700000, 0x0000000085700000| Untracked 
|  40|0x0000000085800000, 0x0000000085800000, 0x0000000085900000|  0%| F|  |TAMS 0x0000000085800000, 0x0000000085800000| Untracked 
|  41|0x0000000085900000, 0x0000000085900000, 0x0000000085a00000|  0%| F|  |TAMS 0x0000000085900000, 0x0000000085900000| Untracked 
|  42|0x0000000085a00000, 0x0000000085a00000, 0x0000000085b00000|  0%| F|  |TAMS 0x0000000085a00000, 0x0000000085a00000| Untracked 
|  43|0x0000000085b00000, 0x0000000085b00000, 0x0000000085c00000|  0%| F|  |TAMS 0x0000000085b00000, 0x0000000085b00000| Untracked 
|  44|0x0000000085c00000, 0x0000000085c00000, 0x0000000085d00000|  0%| F|  |TAMS 0x0000000085c00000, 0x0000000085c00000| Untracked 
|  45|0x0000000085d00000, 0x0000000085d00000, 0x0000000085e00000|  0%| F|  |TAMS 0x0000000085d00000, 0x0000000085d00000| Untracked 
|  46|0x0000000085e00000, 0x0000000085e00000, 0x0000000085f00000|  0%| F|  |TAMS 0x0000000085e00000, 0x0000000085e00000| Untracked 
|  47|0x0000000085f00000, 0x0000000085f00000, 0x0000000086000000|  0%| F|  |TAMS 0x0000000085f00000, 0x0000000085f00000| Untracked 
|  48|0x0000000086000000, 0x0000000086000000, 0x0000000086100000|  0%| F|  |TAMS 0x0000000086000000, 0x0000000086000000| Untracked 
|  49|0x0000000086100000, 0x0000000086100000, 0x0000000086200000|  0%| F|  |TAMS 0x0000000086100000, 0x0000000086100000| Untracked 
|  50|0x0000000086200000, 0x0000000086200000, 0x0000000086300000|  0%| F|  |TAMS 0x0000000086200000, 0x0000000086200000| Untracked 
|  51|0x0000000086300000, 0x0000000086300000, 0x0000000086400000|  0%| F|  |TAMS 0x0000000086300000, 0x0000000086300000| Untracked 
|  52|0x0000000086400000, 0x0000000086400000, 0x0000000086500000|  0%| F|  |TAMS 0x0000000086400000, 0x0000000086400000| Untracked 
|  53|0x0000000086500000, 0x0000000086500000, 0x0000000086600000|  0%| F|  |TAMS 0x0000000086500000, 0x0000000086500000| Untracked 
|  54|0x0000000086600000, 0x0000000086600000, 0x0000000086700000|  0%| F|  |TAMS 0x0000000086600000, 0x0000000086600000| Untracked 
|  55|0x0000000086700000, 0x0000000086700000, 0x0000000086800000|  0%| F|  |TAMS 0x0000000086700000, 0x0000000086700000| Untracked 
|  56|0x0000000086800000, 0x0000000086800000, 0x0000000086900000|  0%| F|  |TAMS 0x0000000086800000, 0x0000000086800000| Untracked 
|  57|0x0000000086900000, 0x0000000086900000, 0x0000000086a00000|  0%| F|  |TAMS 0x0000000086900000, 0x0000000086900000| Untracked 
|  58|0x0000000086a00000, 0x0000000086a00000, 0x0000000086b00000|  0%| F|  |TAMS 0x0000000086a00000, 0x0000000086a00000| Untracked 
|  59|0x0000000086b00000, 0x0000000086b00000, 0x0000000086c00000|  0%| F|  |TAMS 0x0000000086b00000, 0x0000000086b00000| Untracked 
|  60|0x0000000086c00000, 0x0000000086c00000, 0x0000000086d00000|  0%| F|  |TAMS 0x0000000086c00000, 0x0000000086c00000| Untracked 
|  61|0x0000000086d00000, 0x0000000086d00000, 0x0000000086e00000|  0%| F|  |TAMS 0x0000000086d00000, 0x0000000086d00000| Untracked 
|  62|0x0000000086e00000, 0x0000000086e00000, 0x0000000086f00000|  0%| F|  |TAMS 0x0000000086e00000, 0x0000000086e00000| Untracked 
|  63|0x0000000086f00000, 0x0000000086f00000, 0x0000000087000000|  0%| F|  |TAMS 0x0000000086f00000, 0x0000000086f00000| Untracked 
|  64|0x0000000087000000, 0x0000000087000000, 0x0000000087100000|  0%| F|  |TAMS 0x0000000087000000, 0x0000000087000000| Untracked 
|  65|0x0000000087100000, 0x0000000087100000, 0x0000000087200000|  0%| F|  |TAMS 0x0000000087100000, 0x0000000087100000| Untracked 
|  66|0x0000000087200000, 0x0000000087200000, 0x0000000087300000|  0%| F|  |TAMS 0x0000000087200000, 0x0000000087200000| Untracked 
|  67|0x0000000087300000, 0x0000000087300000, 0x0000000087400000|  0%| F|  |TAMS 0x0000000087300000, 0x0000000087300000| Untracked 
|  68|0x0000000087400000, 0x0000000087400000, 0x0000000087500000|  0%| F|  |TAMS 0x0000000087400000, 0x0000000087400000| Untracked 
|  69|0x0000000087500000, 0x0000000087500000, 0x0000000087600000|  0%| F|  |TAMS 0x0000000087500000, 0x0000000087500000| Untracked 
|  70|0x0000000087600000, 0x0000000087600000, 0x0000000087700000|  0%| F|  |TAMS 0x0000000087600000, 0x0000000087600000| Untracked 
|  71|0x0000000087700000, 0x0000000087700000, 0x0000000087800000|  0%| F|  |TAMS 0x0000000087700000, 0x0000000087700000| Untracked 
|  72|0x0000000087800000, 0x0000000087800000, 0x0000000087900000|  0%| F|  |TAMS 0x0000000087800000, 0x0000000087800000| Untracked 
|  73|0x0000000087900000, 0x0000000087900000, 0x0000000087a00000|  0%| F|  |TAMS 0x0000000087900000, 0x0000000087900000| Untracked 
|  74|0x0000000087a00000, 0x0000000087a00000, 0x0000000087b00000|  0%| F|  |TAMS 0x0000000087a00000, 0x0000000087a00000| Untracked 
|  75|0x0000000087b00000, 0x0000000087b00000, 0x0000000087c00000|  0%| F|  |TAMS 0x0000000087b00000, 0x0000000087b00000| Untracked 
|  76|0x0000000087c00000, 0x0000000087c00000, 0x0000000087d00000|  0%| F|  |TAMS 0x0000000087c00000, 0x0000000087c00000| Untracked 
|  77|0x0000000087d00000, 0x0000000087d00000, 0x0000000087e00000|  0%| F|  |TAMS 0x0000000087d00000, 0x0000000087d00000| Untracked 
|  78|0x0000000087e00000, 0x0000000087e00000, 0x0000000087f00000|  0%| F|  |TAMS 0x0000000087e00000, 0x0000000087e00000| Untracked 
|  79|0x0000000087f00000, 0x0000000087f00000, 0x0000000088000000|  0%| F|  |TAMS 0x0000000087f00000, 0x0000000087f00000| Untracked 
|  80|0x0000000088000000, 0x0000000088000000, 0x0000000088100000|  0%| F|  |TAMS 0x0000000088000000, 0x0000000088000000| Untracked 
|  81|0x0000000088100000, 0x0000000088100000, 0x0000000088200000|  0%| F|  |TAMS 0x0000000088100000, 0x0000000088100000| Untracked 
|  82|0x0000000088200000, 0x0000000088200000, 0x0000000088300000|  0%| F|  |TAMS 0x0000000088200000, 0x0000000088200000| Untracked 
|  83|0x0000000088300000, 0x0000000088300000, 0x0000000088400000|  0%| F|  |TAMS 0x0000000088300000, 0x0000000088300000| Untracked 
|  84|0x0000000088400000, 0x0000000088400000, 0x0000000088500000|  0%| F|  |TAMS 0x0000000088400000, 0x0000000088400000| Untracked 
|  85|0x0000000088500000, 0x0000000088500000, 0x0000000088600000|  0%| F|  |TAMS 0x0000000088500000, 0x0000000088500000| Untracked 
|  86|0x0000000088600000, 0x0000000088600000, 0x0000000088700000|  0%| F|  |TAMS 0x0000000088600000, 0x0000000088600000| Untracked 
|  87|0x0000000088700000, 0x0000000088700000, 0x0000000088800000|  0%| F|  |TAMS 0x0000000088700000, 0x0000000088700000| Untracked 
|  88|0x0000000088800000, 0x0000000088800000, 0x0000000088900000|  0%| F|  |TAMS 0x0000000088800000, 0x0000000088800000| Untracked 
|  89|0x0000000088900000, 0x0000000088900000, 0x0000000088a00000|  0%| F|  |TAMS 0x0000000088900000, 0x0000000088900000| Untracked 
|  90|0x0000000088a00000, 0x0000000088a00000, 0x0000000088b00000|  0%| F|  |TAMS 0x0000000088a00000, 0x0000000088a00000| Untracked 
|  91|0x0000000088b00000, 0x0000000088b00000, 0x0000000088c00000|  0%| F|  |TAMS 0x0000000088b00000, 0x0000000088b00000| Untracked 
|  92|0x0000000088c00000, 0x0000000088c00000, 0x0000000088d00000|  0%| F|  |TAMS 0x0000000088c00000, 0x0000000088c00000| Untracked 
|  93|0x0000000088d00000, 0x0000000088d00000, 0x0000000088e00000|  0%| F|  |TAMS 0x0000000088d00000, 0x0000000088d00000| Untracked 
|  94|0x0000000088e00000, 0x0000000088e00000, 0x0000000088f00000|  0%| F|  |TAMS 0x0000000088e00000, 0x0000000088e00000| Untracked 
|  95|0x0000000088f00000, 0x0000000088f00000, 0x0000000089000000|  0%| F|  |TAMS 0x0000000088f00000, 0x0000000088f00000| Untracked 
|  96|0x0000000089000000, 0x0000000089000000, 0x0000000089100000|  0%| F|  |TAMS 0x0000000089000000, 0x0000000089000000| Untracked 
|  97|0x0000000089100000, 0x0000000089100000, 0x0000000089200000|  0%| F|  |TAMS 0x0000000089100000, 0x0000000089100000| Untracked 
|  98|0x0000000089200000, 0x0000000089200000, 0x0000000089300000|  0%| F|  |TAMS 0x0000000089200000, 0x0000000089200000| Untracked 
|  99|0x0000000089300000, 0x0000000089400000, 0x0000000089400000|100%| S|CS|TAMS 0x0000000089300000, 0x0000000089300000| Complete 
| 100|0x0000000089400000, 0x0000000089500000, 0x0000000089500000|100%| S|CS|TAMS 0x0000000089400000, 0x0000000089400000| Complete 
| 101|0x0000000089500000, 0x0000000089600000, 0x0000000089600000|100%| S|CS|TAMS 0x0000000089500000, 0x0000000089500000| Complete 
| 102|0x0000000089600000, 0x0000000089600000, 0x0000000089700000|  0%| F|  |TAMS 0x0000000089600000, 0x0000000089600000| Untracked 
| 103|0x0000000089700000, 0x0000000089700000, 0x0000000089800000|  0%| F|  |TAMS 0x0000000089700000, 0x0000000089700000| Untracked 
| 104|0x0000000089800000, 0x0000000089800000, 0x0000000089900000|  0%| F|  |TAMS 0x0000000089800000, 0x0000000089800000| Untracked 
| 105|0x0000000089900000, 0x0000000089900000, 0x0000000089a00000|  0%| F|  |TAMS 0x0000000089900000, 0x0000000089900000| Untracked 
| 106|0x0000000089a00000, 0x0000000089a00000, 0x0000000089b00000|  0%| F|  |TAMS 0x0000000089a00000, 0x0000000089a00000| Untracked 
| 107|0x0000000089b00000, 0x0000000089b00000, 0x0000000089c00000|  0%| F|  |TAMS 0x0000000089b00000, 0x0000000089b00000| Untracked 
| 108|0x0000000089c00000, 0x0000000089c00000, 0x0000000089d00000|  0%| F|  |TAMS 0x0000000089c00000, 0x0000000089c00000| Untracked 
| 109|0x0000000089d00000, 0x0000000089d00000, 0x0000000089e00000|  0%| F|  |TAMS 0x0000000089d00000, 0x0000000089d00000| Untracked 
| 110|0x0000000089e00000, 0x0000000089e00000, 0x0000000089f00000|  0%| F|  |TAMS 0x0000000089e00000, 0x0000000089e00000| Untracked 
| 111|0x0000000089f00000, 0x0000000089f00000, 0x000000008a000000|  0%| F|  |TAMS 0x0000000089f00000, 0x0000000089f00000| Untracked 
| 112|0x000000008a000000, 0x000000008a000000, 0x000000008a100000|  0%| F|  |TAMS 0x000000008a000000, 0x000000008a000000| Untracked 
| 113|0x000000008a100000, 0x000000008a100000, 0x000000008a200000|  0%| F|  |TAMS 0x000000008a100000, 0x000000008a100000| Untracked 
| 114|0x000000008a200000, 0x000000008a300000, 0x000000008a300000|100%| E|  |TAMS 0x000000008a200000, 0x000000008a200000| Complete 
| 115|0x000000008a300000, 0x000000008a400000, 0x000000008a400000|100%| E|CS|TAMS 0x000000008a300000, 0x000000008a300000| Complete 
| 116|0x000000008a400000, 0x000000008a500000, 0x000000008a500000|100%| E|CS|TAMS 0x000000008a400000, 0x000000008a400000| Complete 
| 117|0x000000008a500000, 0x000000008a600000, 0x000000008a600000|100%| E|CS|TAMS 0x000000008a500000, 0x000000008a500000| Complete 
| 118|0x000000008a600000, 0x000000008a700000, 0x000000008a700000|100%| E|CS|TAMS 0x000000008a600000, 0x000000008a600000| Complete 
| 119|0x000000008a700000, 0x000000008a800000, 0x000000008a800000|100%| E|CS|TAMS 0x000000008a700000, 0x000000008a700000| Complete 
| 120|0x000000008a800000, 0x000000008a900000, 0x000000008a900000|100%| E|CS|TAMS 0x000000008a800000, 0x000000008a800000| Complete 
| 121|0x000000008a900000, 0x000000008aa00000, 0x000000008aa00000|100%| E|CS|TAMS 0x000000008a900000, 0x000000008a900000| Complete 
| 122|0x000000008aa00000, 0x000000008ab00000, 0x000000008ab00000|100%| E|CS|TAMS 0x000000008aa00000, 0x000000008aa00000| Complete 
| 123|0x000000008ab00000, 0x000000008ac00000, 0x000000008ac00000|100%| E|CS|TAMS 0x000000008ab00000, 0x000000008ab00000| Complete 
| 124|0x000000008ac00000, 0x000000008ad00000, 0x000000008ad00000|100%| E|CS|TAMS 0x000000008ac00000, 0x000000008ac00000| Complete 
| 125|0x000000008ad00000, 0x000000008ae00000, 0x000000008ae00000|100%| E|CS|TAMS 0x000000008ad00000, 0x000000008ad00000| Complete 

Card table byte_map: [0x0000020d52930000,0x0000020d52d20000] _byte_map_base: 0x0000020d52518000

Marking Bits (Prev, Next): (CMBitMap*) 0x0000020d3bb87668, (CMBitMap*) 0x0000020d3bb876a0
 Prev Bits: [0x0000020d53110000, 0x0000020d55050000)
 Next Bits: [0x0000020d55050000, 0x0000020d56f90000)

Polling page: 0x0000020d3b320000

Metaspace:

Usage:
  Non-class:     14.35 MB capacity,    14.13 MB ( 98%) used,   183.34 KB (  1%) free+waste,    46.31 KB ( <1%) overhead. 
      Class:      1.89 MB capacity,     1.71 MB ( 91%) used,   157.11 KB (  8%) free+waste,    22.75 KB (  1%) overhead. 
       Both:     16.24 MB capacity,    15.84 MB ( 98%) used,   340.45 KB (  2%) free+waste,    69.06 KB ( <1%) overhead. 

Virtual space:
  Non-class space:       16.00 MB reserved,      14.50 MB ( 91%) committed 
      Class space:        1.00 GB reserved,       2.00 MB ( <1%) committed 
             Both:        1.02 GB reserved,      16.50 MB (  2%) committed 

Chunk freelists:
   Non-Class:  2.88 KB
       Class:  2.13 KB
        Both:  5.00 KB

CodeHeap 'non-profiled nmethods': size=120000Kb used=461Kb max_used=461Kb free=119538Kb
 bounds [0x0000020d4ace0000, 0x0000020d4af50000, 0x0000020d52210000]
CodeHeap 'profiled nmethods': size=120000Kb used=2601Kb max_used=2601Kb free=117398Kb
 bounds [0x0000020d437b0000, 0x0000020d43a40000, 0x0000020d4ace0000]
CodeHeap 'non-nmethods': size=5760Kb used=1291Kb max_used=1299Kb free=4468Kb
 bounds [0x0000020d43210000, 0x0000020d43480000, 0x0000020d437b0000]
 total_blobs=1859 nmethods=1301 adapters=478
 compilation: enabled
              stopped_count=0, restarted_count=0
 full_count=0

Compilation events (10 events):
Event: 2.043 Thread 0x0000020d5a390000 1292       3       sun.invoke.util.BytecodeDescriptor::unparseMethod (66 bytes)
Event: 2.044 Thread 0x0000020d59a1c800 1295       4       java.lang.invoke.MethodType::makeImpl (108 bytes)
Event: 2.044 Thread 0x0000020d5a390000 nmethod 1292 0x0000020d43a2d990 code [0x0000020d43a2dbe0, 0x0000020d43a2e4a8]
Event: 2.044 Thread 0x0000020d5a390000 1293       3       java.lang.invoke.DirectMethodHandle::preparedFieldLambdaForm (183 bytes)
Event: 2.044 Thread 0x0000020d5a9da800 nmethod 1291 0x0000020d4ad52510 code [0x0000020d4ad526a0, 0x0000020d4ad527b8]
Event: 2.045 Thread 0x0000020d5a390000 nmethod 1293 0x0000020d43a2e890 code [0x0000020d43a2eae0, 0x0000020d43a2f258]
Event: 2.046 Thread 0x0000020d5a9ad800 nmethod 1288 0x0000020d4ad52890 code [0x0000020d4ad52a20, 0x0000020d4ad52cd8]
Event: 2.051 Thread 0x0000020d5a9da800 1296       4       java.lang.String::<init> (74 bytes)
Event: 2.053 Thread 0x0000020d5a9da800 nmethod 1296 0x0000020d4ad52e90 code [0x0000020d4ad53020, 0x0000020d4ad53378]
Event: 2.054 Thread 0x0000020d5a390000 1297   !   3       java.net.URL::<init> (543 bytes)

GC Heap History (2 events):
Event: 1.855 GC heap before
{Heap before GC invocations=0 (full 0):
 garbage-first heap   total 129024K, used 23552K [0x0000000083000000, 0x0000000100000000)
  region size 1024K, 24 young (24576K), 0 survivors (0K)
 Metaspace       used 13023K, capacity 13370K, committed 13568K, reserved 1060864K
  class space    used 1287K, capacity 1421K, committed 1536K, reserved 1048576K
}
Event: 1.859 GC heap after
{Heap after GC invocations=1 (full 0):
 garbage-first heap   total 129024K, used 3835K [0x0000000083000000, 0x0000000100000000)
  region size 1024K, 3 young (3072K), 3 survivors (3072K)
 Metaspace       used 13023K, capacity 13370K, committed 13568K, reserved 1060864K
  class space    used 1287K, capacity 1421K, committed 1536K, reserved 1048576K
}

Deoptimization events (10 events):
Event: 0.833 Thread 0x0000020d3bb49000 Uncommon trap: reason=unstable_if action=reinterpret pc=0x0000020d4acee05c method=java.lang.String.isLatin1()Z @ 10 c2
Event: 0.836 Thread 0x0000020d3bb49000 Uncommon trap: reason=unstable_if action=reinterpret pc=0x0000020d4ace49f0 method=java.lang.String.isLatin1()Z @ 10 c2
Event: 0.994 Thread 0x0000020d5a369000 Uncommon trap: reason=bimorphic_or_optimized_type_check action=maybe_recompile pc=0x0000020d4ace9894 method=java.util.AbstractCollection.isEmpty()Z @ 1 c2
Event: 0.994 Thread 0x0000020d5a369000 Uncommon trap: reason=bimorphic_or_optimized_type_check action=maybe_recompile pc=0x0000020d4ace9894 method=java.util.AbstractCollection.isEmpty()Z @ 1 c2
Event: 0.998 Thread 0x0000020d5a369000 Uncommon trap: reason=bimorphic_or_optimized_type_check action=maybe_recompile pc=0x0000020d4ace9894 method=java.util.AbstractCollection.isEmpty()Z @ 1 c2
Event: 0.999 Thread 0x0000020d5a369000 Uncommon trap: reason=bimorphic_or_optimized_type_check action=maybe_recompile pc=0x0000020d4ace9894 method=java.util.AbstractCollection.isEmpty()Z @ 1 c2
Event: 1.076 Thread 0x0000020d5a369000 Uncommon trap: reason=unstable_if action=reinterpret pc=0x0000020d4aced224 method=java.util.HashMap.putVal(ILjava/lang/Object;Ljava/lang/Object;ZZ)Ljava/lang/Object; @ 181 c2
Event: 1.271 Thread 0x0000020d5a369000 Uncommon trap: reason=class_check action=maybe_recompile pc=0x0000020d4ad0bf18 method=java.util.HashMap.getNode(ILjava/lang/Object;)Ljava/util/HashMap$Node; @ 59 c2
Event: 2.026 Thread 0x0000020d5a364000 Uncommon trap: reason=unstable_if action=reinterpret pc=0x0000020d4acf0e40 method=java.lang.StringLatin1.canEncode(I)Z @ 4 c2
Event: 2.033 Thread 0x0000020d5a364000 Uncommon trap: reason=unstable_if action=reinterpret pc=0x0000020d4ad2051c method=java.nio.Buffer.position(I)Ljava/nio/Buffer; @ 37 c2

Classes redefined (0 events):
No events

Internal exceptions (10 events):
Event: 1.892 Thread 0x0000020d5a364000 Exception <a 'java/lang/NoSuchMethodError'{0x000000008ab5aad0}: java.lang.invoke.DirectMethodHandle$Holder.invokeSpecial(Ljava/lang/Object;Ljava/lang/Object;IILjava/lang/Object;Ljava/lang/Object;Ljava/lang/Object;)Ljava/lang/Object;> (0x000000008ab5aad0) 
Event: 1.892 Thread 0x0000020d5a364000 Exception <a 'java/lang/NoSuchMethodError'{0x000000008ab5e058}: java.lang.invoke.DelegatingMethodHandle$Holder.reinvoke_L(Ljava/lang/Object;IILjava/lang/Object;Ljava/lang/Object;Ljava/lang/Object;)Ljava/lang/Object;> (0x000000008ab5e058) thrown at [./open
Event: 1.893 Thread 0x0000020d5a364000 Exception <a 'java/lang/NoSuchMethodError'{0x000000008ab62dd8}: java.lang.invoke.DirectMethodHandle$Holder.invokeStatic(Ljava/lang/Object;Ljava/lang/Object;Ljava/lang/Object;Ljava/lang/Object;I)Ljava/lang/Object;> (0x000000008ab62dd8) thrown at [./open/sr
Event: 1.965 Thread 0x0000020d5a364000 Exception <a 'java/lang/NoSuchMethodError'{0x000000008a75bea0}: java.lang.invoke.DirectMethodHandle$Holder.invokeStaticInit(Ljava/lang/Object;Ljava/lang/Object;Ljava/lang/Object;Ljava/lang/Object;)Ljava/lang/Object;> (0x000000008a75bea0) thrown at [./open
Event: 1.967 Thread 0x0000020d5a364000 Exception <a 'java/lang/NullPointerException'{0x000000008a768508}> (0x000000008a768508) thrown at [./open/src/hotspot/share/interpreter/linkResolver.cpp, line 1354]
Event: 1.967 Thread 0x0000020d5a364000 Exception <a 'java/lang/NullPointerException'{0x000000008a768508}> (0x000000008a768508) thrown at [./open/src/hotspot/share/prims/jvm.cpp, line 1309]
Event: 2.041 Thread 0x0000020d5a364000 Exception <a 'java/lang/NoSuchMethodError'{0x000000008a4679b0}: java.lang.invoke.DirectMethodHandle$Holder.invokeStatic(Ljava/lang/Object;Ljava/lang/Object;Ljava/lang/Object;Ljava/lang/Object;Ljava/lang/Object;Ljava/lang/Object;Ljava/lang/Object;Ljava/lan
Event: 2.042 Thread 0x0000020d5a364000 Exception <a 'java/lang/NoSuchMethodError'{0x000000008a486c48}: java.lang.invoke.DirectMethodHandle$Holder.invokeStatic(Ljava/lang/Object;Ljava/lang/Object;Ljava/lang/Object;Ljava/lang/Object;Ljava/lang/Object;Ljava/lang/Object;Ljava/lang/Object;Ljava/lan
Event: 2.042 Thread 0x0000020d5a364000 Exception <a 'java/lang/NoSuchMethodError'{0x000000008a4a6e10}: java.lang.invoke.DirectMethodHandle$Holder.invokeStatic(Ljava/lang/Object;Ljava/lang/Object;Ljava/lang/Object;Ljava/lang/Object;Ljava/lang/Object;Ljava/lang/Object;Ljava/lang/Object;Ljava/lan
Event: 2.043 Thread 0x0000020d5a364000 Exception <a 'java/lang/NoSuchMethodError'{0x000000008a4c87d0}: java.lang.invoke.DirectMethodHandle$Holder.invokeStatic(Ljava/lang/Object;Ljava/lang/Object;Ljava/lang/Object;Ljava/lang/Object;Ljava/lang/Object;Ljava/lang/Object;Ljava/lang/Object;Ljava/lan

Events (10 events):
Event: 2.057 loading class javafx/scene/text/TextBoundsType
Event: 2.057 loading class javafx/scene/text/TextBoundsType done
Event: 2.057 loading class javafx/scene/text/TextAlignment
Event: 2.057 loading class javafx/scene/text/TextAlignment done
Event: 2.057 loading class com/sun/javafx/tk/Toolkit$PaintAccessor
Event: 2.057 loading class com/sun/javafx/tk/Toolkit$PaintAccessor done
Event: 2.057 loading class javafx/scene/paint/LinearGradient
Event: 2.057 loading class javafx/scene/paint/LinearGradient done
Event: 2.058 loading class javafx/scene/paint/RadialGradient
Event: 2.058 loading class javafx/scene/paint/RadialGradient done


Dynamic libraries:
0x00007ff6a3340000 - 0x00007ff6a334f000 	C:\Program Files\Java\jdk-11.0.17\bin\java.exe
0x00007ffba63f0000 - 0x00007ffba6607000 	C:\WINDOWS\SYSTEM32\ntdll.dll
0x00007ffba52f0000 - 0x00007ffba53b4000 	C:\WINDOWS\System32\KERNEL32.DLL
0x00007ffba3a00000 - 0x00007ffba3da6000 	C:\WINDOWS\System32\KERNELBASE.dll
0x00007ffba3770000 - 0x00007ffba3881000 	C:\WINDOWS\System32\ucrtbase.dll
0x00007ffb9b490000 - 0x00007ffb9b4a8000 	C:\Program Files\Java\jdk-11.0.17\bin\jli.dll
0x00007ffb8f300000 - 0x00007ffb8f315000 	C:\Program Files\Java\jdk-11.0.17\bin\VCRUNTIME140.dll
0x00007ffba53c0000 - 0x00007ffba5470000 	C:\WINDOWS\System32\ADVAPI32.dll
0x00007ffba4890000 - 0x00007ffba4937000 	C:\WINDOWS\System32\msvcrt.dll
0x00007ffba62c0000 - 0x00007ffba6366000 	C:\WINDOWS\System32\sechost.dll
0x00007ffba5e10000 - 0x00007ffba5f27000 	C:\WINDOWS\System32\RPCRT4.dll
0x00007ffba45d0000 - 0x00007ffba477d000 	C:\WINDOWS\System32\USER32.dll
0x00007ffba4000000 - 0x00007ffba4026000 	C:\WINDOWS\System32\win32u.dll
0x00007ffb8af90000 - 0x00007ffb8b223000 	C:\WINDOWS\WinSxS\amd64_microsoft.windows.common-controls_6595b64144ccf1df_6.0.22621.2361_none_2712ced57382f843\COMCTL32.dll
0x00007ffba5250000 - 0x00007ffba5279000 	C:\WINDOWS\System32\GDI32.dll
0x00007ffba4030000 - 0x00007ffba4148000 	C:\WINDOWS\System32\gdi32full.dll
0x00007ffba3e20000 - 0x00007ffba3eba000 	C:\WINDOWS\System32\msvcp_win.dll
0x00007ffb99c80000 - 0x00007ffb99c8a000 	C:\WINDOWS\SYSTEM32\VERSION.dll
0x00007ffba6370000 - 0x00007ffba63a1000 	C:\WINDOWS\System32\IMM32.DLL
0x00007ffb59140000 - 0x00007ffb591db000 	C:\Program Files\Java\jdk-11.0.17\bin\msvcp140.dll
0x00007ffb485b0000 - 0x00007ffb490ca000 	C:\Program Files\Java\jdk-11.0.17\bin\server\jvm.dll
0x00007ffba5900000 - 0x00007ffba5908000 	C:\WINDOWS\System32\PSAPI.DLL
0x00007ffb84020000 - 0x00007ffb84029000 	C:\WINDOWS\SYSTEM32\WSOCK32.dll
0x00007ffb99cb0000 - 0x00007ffb99ce4000 	C:\WINDOWS\SYSTEM32\WINMM.dll
0x00007ffba5880000 - 0x00007ffba58f1000 	C:\WINDOWS\System32\WS2_32.dll
0x00007ffba28a0000 - 0x00007ffba28b8000 	C:\WINDOWS\SYSTEM32\kernel.appcore.dll
0x00007ffb9cd80000 - 0x00007ffb9cd90000 	C:\Program Files\Java\jdk-11.0.17\bin\verify.dll
0x00007ffb9df30000 - 0x00007ffb9e15e000 	C:\WINDOWS\SYSTEM32\DBGHELP.DLL
0x00007ffba5f30000 - 0x00007ffba62ba000 	C:\WINDOWS\System32\combase.dll
0x00007ffba5990000 - 0x00007ffba5a67000 	C:\WINDOWS\System32\OLEAUT32.dll
0x00007ffb85480000 - 0x00007ffb854b2000 	C:\WINDOWS\SYSTEM32\dbgcore.DLL
0x00007ffba3ec0000 - 0x00007ffba3f3a000 	C:\WINDOWS\System32\bcryptPrimitives.dll
0x00007ffb96170000 - 0x00007ffb96198000 	C:\Program Files\Java\jdk-11.0.17\bin\java.dll
0x00007ffb9cd70000 - 0x00007ffb9cd7a000 	C:\Program Files\Java\jdk-11.0.17\bin\jimage.dll
0x00007ffb90130000 - 0x00007ffb90168000 	C:\Program Files\Java\jdk-11.0.17\bin\jdwp.dll
0x00007ffb9b0b0000 - 0x00007ffb9b0be000 	C:\Program Files\Java\jdk-11.0.17\bin\instrument.dll
0x00007ffb90560000 - 0x00007ffb90576000 	C:\Program Files\Java\jdk-11.0.17\bin\zip.dll
0x00007ffba4940000 - 0x00007ffba5198000 	C:\WINDOWS\System32\SHELL32.dll
0x00007ffba16e0000 - 0x00007ffba1fd2000 	C:\WINDOWS\SYSTEM32\windows.storage.dll
0x00007ffba15a0000 - 0x00007ffba16de000 	C:\WINDOWS\SYSTEM32\wintypes.dll
0x00007ffba5630000 - 0x00007ffba5723000 	C:\WINDOWS\System32\SHCORE.dll
0x00007ffba5930000 - 0x00007ffba598e000 	C:\WINDOWS\System32\shlwapi.dll
0x00007ffba36a0000 - 0x00007ffba36c6000 	C:\WINDOWS\SYSTEM32\profapi.dll
0x00007ffb99d40000 - 0x00007ffb99d4a000 	C:\Program Files\Java\jdk-11.0.17\bin\dt_socket.dll
0x00007ffba2d20000 - 0x00007ffba2d89000 	C:\WINDOWS\system32\mswsock.dll
0x00007ffb8f3a0000 - 0x00007ffb8f3b9000 	C:\Program Files\Java\jdk-11.0.17\bin\net.dll
0x00007ffb99a00000 - 0x00007ffb99b37000 	C:\WINDOWS\SYSTEM32\WINHTTP.dll
0x00007ffb8f380000 - 0x00007ffb8f392000 	C:\Program Files\Java\jdk-11.0.17\bin\nio.dll
0x0000020d5b120000 - 0x0000020d5b123000 	C:\Users\Shyamantha Perera\.openjfx\cache\17.0.6\api-ms-win-core-console-l1-1-0.dll
0x0000020d5b130000 - 0x0000020d5b133000 	C:\Users\Shyamantha Perera\.openjfx\cache\17.0.6\api-ms-win-core-console-l1-2-0.dll
0x0000020d5b140000 - 0x0000020d5b143000 	C:\Users\Shyamantha Perera\.openjfx\cache\17.0.6\api-ms-win-core-datetime-l1-1-0.dll
0x0000020d5b150000 - 0x0000020d5b153000 	C:\Users\Shyamantha Perera\.openjfx\cache\17.0.6\api-ms-win-core-debug-l1-1-0.dll
0x0000020d5b160000 - 0x0000020d5b163000 	C:\Users\Shyamantha Perera\.openjfx\cache\17.0.6\api-ms-win-core-errorhandling-l1-1-0.dll
0x0000020d5b170000 - 0x0000020d5b174000 	C:\Users\Shyamantha Perera\.openjfx\cache\17.0.6\api-ms-win-core-file-l1-1-0.dll
0x0000020d5b180000 - 0x0000020d5b183000 	C:\Users\Shyamantha Perera\.openjfx\cache\17.0.6\api-ms-win-core-file-l1-2-0.dll
0x0000020d5b190000 - 0x0000020d5b193000 	C:\Users\Shyamantha Perera\.openjfx\cache\17.0.6\api-ms-win-core-file-l2-1-0.dll
0x0000020d5b1a0000 - 0x0000020d5b1a3000 	C:\Users\Shyamantha Perera\.openjfx\cache\17.0.6\api-ms-win-core-handle-l1-1-0.dll
0x0000020d5b1b0000 - 0x0000020d5b1b3000 	C:\Users\Shyamantha Perera\.openjfx\cache\17.0.6\api-ms-win-core-heap-l1-1-0.dll
0x0000020d5b1c0000 - 0x0000020d5b1c3000 	C:\Users\Shyamantha Perera\.openjfx\cache\17.0.6\api-ms-win-core-interlocked-l1-1-0.dll
0x0000020d5b1d0000 - 0x0000020d5b1d3000 	C:\Users\Shyamantha Perera\.openjfx\cache\17.0.6\api-ms-win-core-libraryloader-l1-1-0.dll
0x0000020d5b1e0000 - 0x0000020d5b1e3000 	C:\Users\Shyamantha Perera\.openjfx\cache\17.0.6\api-ms-win-core-localization-l1-2-0.dll
0x0000020d5b1f0000 - 0x0000020d5b1f3000 	C:\Users\Shyamantha Perera\.openjfx\cache\17.0.6\api-ms-win-core-memory-l1-1-0.dll
0x0000020d5b200000 - 0x0000020d5b203000 	C:\Users\Shyamantha Perera\.openjfx\cache\17.0.6\api-ms-win-core-namedpipe-l1-1-0.dll
0x0000020d5b210000 - 0x0000020d5b213000 	C:\Users\Shyamantha Perera\.openjfx\cache\17.0.6\api-ms-win-core-processenvironment-l1-1-0.dll
0x0000020d5b220000 - 0x0000020d5b223000 	C:\Users\Shyamantha Perera\.openjfx\cache\17.0.6\api-ms-win-core-processthreads-l1-1-0.dll
0x0000020d5b230000 - 0x0000020d5b233000 	C:\Users\Shyamantha Perera\.openjfx\cache\17.0.6\api-ms-win-core-processthreads-l1-1-1.dll
0x0000020d5b240000 - 0x0000020d5b243000 	C:\Users\Shyamantha Perera\.openjfx\cache\17.0.6\api-ms-win-core-profile-l1-1-0.dll
0x0000020d5b250000 - 0x0000020d5b253000 	C:\Users\Shyamantha Perera\.openjfx\cache\17.0.6\api-ms-win-core-rtlsupport-l1-1-0.dll
0x0000020d5b260000 - 0x0000020d5b263000 	C:\Users\Shyamantha Perera\.openjfx\cache\17.0.6\api-ms-win-core-string-l1-1-0.dll
0x0000020d5b270000 - 0x0000020d5b273000 	C:\Users\Shyamantha Perera\.openjfx\cache\17.0.6\api-ms-win-core-synch-l1-1-0.dll
0x0000020d5b280000 - 0x0000020d5b283000 	C:\Users\Shyamantha Perera\.openjfx\cache\17.0.6\api-ms-win-core-synch-l1-2-0.dll
0x0000020d5b290000 - 0x0000020d5b293000 	C:\Users\Shyamantha Perera\.openjfx\cache\17.0.6\api-ms-win-core-sysinfo-l1-1-0.dll
0x0000020d5b2a0000 - 0x0000020d5b2a3000 	C:\Users\Shyamantha Perera\.openjfx\cache\17.0.6\api-ms-win-core-timezone-l1-1-0.dll
0x0000020d5b2b0000 - 0x0000020d5b2b3000 	C:\Users\Shyamantha Perera\.openjfx\cache\17.0.6\api-ms-win-core-util-l1-1-0.dll
0x0000020d5b2c0000 - 0x0000020d5b2c3000 	C:\Users\Shyamantha Perera\.openjfx\cache\17.0.6\api-ms-win-crt-conio-l1-1-0.dll
0x0000020d5b2d0000 - 0x0000020d5b2d4000 	C:\Users\Shyamantha Perera\.openjfx\cache\17.0.6\api-ms-win-crt-convert-l1-1-0.dll
0x0000020d5c2b0000 - 0x0000020d5c2b3000 	C:\Users\Shyamantha Perera\.openjfx\cache\17.0.6\api-ms-win-crt-environment-l1-1-0.dll
0x0000020d5c2c0000 - 0x0000020d5c2c3000 	C:\Users\Shyamantha Perera\.openjfx\cache\17.0.6\api-ms-win-crt-filesystem-l1-1-0.dll
0x0000020d5c2d0000 - 0x0000020d5c2d3000 	C:\Users\Shyamantha Perera\.openjfx\cache\17.0.6\api-ms-win-crt-heap-l1-1-0.dll
0x0000020d5c2e0000 - 0x0000020d5c2e3000 	C:\Users\Shyamantha Perera\.openjfx\cache\17.0.6\api-ms-win-crt-locale-l1-1-0.dll
0x0000020d5c2f0000 - 0x0000020d5c2f5000 	C:\Users\Shyamantha Perera\.openjfx\cache\17.0.6\api-ms-win-crt-math-l1-1-0.dll
0x0000020d5c300000 - 0x0000020d5c305000 	C:\Users\Shyamantha Perera\.openjfx\cache\17.0.6\api-ms-win-crt-multibyte-l1-1-0.dll
0x0000020d5c310000 - 0x0000020d5c320000 	C:\Users\Shyamantha Perera\.openjfx\cache\17.0.6\api-ms-win-crt-private-l1-1-0.dll
0x0000020d5c320000 - 0x0000020d5c323000 	C:\Users\Shyamantha Perera\.openjfx\cache\17.0.6\api-ms-win-crt-process-l1-1-0.dll
0x0000020d5c330000 - 0x0000020d5c334000 	C:\Users\Shyamantha Perera\.openjfx\cache\17.0.6\api-ms-win-crt-runtime-l1-1-0.dll
0x0000020d5c340000 - 0x0000020d5c344000 	C:\Users\Shyamantha Perera\.openjfx\cache\17.0.6\api-ms-win-crt-stdio-l1-1-0.dll
0x0000020d5c350000 - 0x0000020d5c354000 	C:\Users\Shyamantha Perera\.openjfx\cache\17.0.6\api-ms-win-crt-string-l1-1-0.dll
0x0000020d5c360000 - 0x0000020d5c363000 	C:\Users\Shyamantha Perera\.openjfx\cache\17.0.6\api-ms-win-crt-time-l1-1-0.dll
0x0000020d5c370000 - 0x0000020d5c373000 	C:\Users\Shyamantha Perera\.openjfx\cache\17.0.6\api-ms-win-crt-utility-l1-1-0.dll
0x00007ffb5c7b0000 - 0x00007ffb5c8ac000 	C:\Users\Shyamantha Perera\.openjfx\cache\17.0.6\ucrtbase.dll
0x00007ffb90890000 - 0x00007ffb908aa000 	C:\Users\Shyamantha Perera\.openjfx\cache\17.0.6\vcruntime140.dll
0x00007ffb96c30000 - 0x00007ffb96c3c000 	C:\Users\Shyamantha Perera\.openjfx\cache\17.0.6\vcruntime140_1.dll
0x00007ffb6db10000 - 0x00007ffb6db9d000 	C:\Users\Shyamantha Perera\.openjfx\cache\17.0.6\msvcp140.dll
0x00007ffb90120000 - 0x00007ffb90129000 	C:\Users\Shyamantha Perera\.openjfx\cache\17.0.6\msvcp140_1.dll
0x00007ffb900f0000 - 0x00007ffb9011f000 	C:\Users\Shyamantha Perera\.openjfx\cache\17.0.6\msvcp140_2.dll
0x00007ffb90010000 - 0x00007ffb9003a000 	C:\Users\Shyamantha Perera\.openjfx\cache\17.0.6\prism_d3d.dll
0x00007ffb8e6d0000 - 0x00007ffb8e879000 	C:\WINDOWS\system32\d3d9.dll
0x00007ffb9dd00000 - 0x00007ffb9dd2b000 	C:\WINDOWS\SYSTEM32\dwmapi.dll
0x00007ffb9d9d0000 - 0x00007ffb9da06000 	C:\WINDOWS\SYSTEM32\dxcore.dll
0x00007ffb9d740000 - 0x00007ffb9d7eb000 	C:\WINDOWS\system32\uxtheme.dll
0x00007ffb4f7c0000 - 0x00007ffb4f96f000 	C:\WINDOWS\System32\DriverStore\FileRepository\iigd_dch.inf_amd64_e32ced29f236e322\igdumdim64.dll
0x00007ffba5a80000 - 0x00007ffba5c1f000 	C:\WINDOWS\System32\ole32.dll
0x00007ffb2bd90000 - 0x00007ffb30633000 	C:\WINDOWS\System32\DriverStore\FileRepository\iigd_dch.inf_amd64_e32ced29f236e322\igd9dxva64.dll
0x00007ffba4150000 - 0x00007ffba45c4000 	C:\WINDOWS\System32\SETUPAPI.dll
0x00007ffba3430000 - 0x00007ffba347e000 	C:\WINDOWS\SYSTEM32\cfgmgr32.dll
0x00007ffb94d40000 - 0x00007ffb95149000 	C:\WINDOWS\System32\DriverStore\FileRepository\iigd_dch.inf_amd64_e32ced29f236e322\igdgmm64.dll
0x00007ffb99820000 - 0x00007ffb9986a000 	C:\WINDOWS\SYSTEM32\directxdatabasehelper.dll
0x00007ffb8f270000 - 0x00007ffb8f2b2000 	C:\Users\Shyamantha Perera\.openjfx\cache\17.0.6\glass.dll
0x00007ffba4780000 - 0x00007ffba4879000 	C:\WINDOWS\System32\COMDLG32.dll
0x00007ffba5730000 - 0x00007ffba587c000 	C:\WINDOWS\System32\MSCTF.dll
0x00007ffb672f0000 - 0x00007ffb67317000 	C:\WINDOWS\System32\DriverStore\FileRepository\iigd_dch.inf_amd64_e32ced29f236e322\igdinfo64.dll
0x00007ffb915a0000 - 0x00007ffb94d34000 	C:\WINDOWS\System32\DriverStore\FileRepository\iigd_dch.inf_amd64_e32ced29f236e322\igc64.dll
0x00007ffb8f320000 - 0x00007ffb8f334000 	C:\Users\Shyamantha Perera\.openjfx\cache\17.0.6\javafx_font.dll

dbghelp: loaded successfully - version: 4.0.5 - missing functions: none
symbol engine: initialized successfully - sym options: 0x614 - pdb path: .;C:\Program Files\Java\jdk-11.0.17\bin;C:\WINDOWS\SYSTEM32;C:\WINDOWS\WinSxS\amd64_microsoft.windows.common-controls_6595b64144ccf1df_6.0.22621.2361_none_2712ced57382f843;C:\Program Files\Java\jdk-11.0.17\bin\server;C:\Users\Shyamantha Perera\.openjfx\cache\17.0.6;C:\WINDOWS\System32\DriverStore\FileRepository\iigd_dch.inf_amd64_e32ced29f236e322

VM Arguments:
jvm_args: -agentlib:jdwp=transport=dt_socket,address=127.0.0.1:10842,suspend=y,server=n -javaagent:C:\Users\SHYAMA~1\AppData\Local\Temp\captureAgent2jars\debugger-agent.jar -Dfile.encoding=UTF-8 
java_command: com.carclinic.car_clinic_auto_workshop.LauncherWrapper
java_class_path (initial): C:\Users\Shyamantha Perera\Desktop\car_clinic_auto_workshop\target\classes;C:\Users\Shyamantha Perera\.m2\repository\org\openjfx\javafx-controls\17.0.6\javafx-controls-17.0.6.jar;C:\Users\Shyamantha Perera\.m2\repository\org\openjfx\javafx-controls\17.0.6\javafx-controls-17.0.6-win.jar;C:\Users\Shyamantha Perera\.m2\repository\org\openjfx\javafx-graphics\17.0.6\javafx-graphics-17.0.6.jar;C:\Users\Shyamantha Perera\.m2\repository\org\openjfx\javafx-graphics\17.0.6\javafx-graphics-17.0.6-win.jar;C:\Users\Shyamantha Perera\.m2\repository\org\openjfx\javafx-base\17.0.6\javafx-base-17.0.6.jar;C:\Users\Shyamantha Perera\.m2\repository\org\openjfx\javafx-base\17.0.6\javafx-base-17.0.6-win.jar;C:\Users\Shyamantha Perera\.m2\repository\org\openjfx\javafx-fxml\17.0.6\javafx-fxml-17.0.6.jar;C:\Users\Shyamantha Perera\.m2\repository\org\openjfx\javafx-fxml\17.0.6\javafx-fxml-17.0.6-win.jar;C:\Users\Shyamantha Perera\.m2\repository\com\jfoenix\jfoenix\9.0.8\jfoenix-9.0.8.jar;C:\Users\Shyamantha Perera\.m2\repository\com\mysql\mysql-connector-j\8.0.33\mysql-connector-j-8.0.33.jar;C:\Users\Shyamantha Perera\.m2\repository\com\google\protobuf\protobuf-java\3.21.9\protobuf-java-3.21.9.jar;C:\Program Files\JetBrains\IntelliJ IDEA 2023.1.2\lib\idea_rt.jar
Launcher Type: SUN_STANDARD

[Global flags]
     intx CICompilerCount                          = 4                                         {product} {ergonomic}
     uint ConcGCThreads                            = 2                                         {product} {ergonomic}
     uint G1ConcRefinementThreads                  = 8                                         {product} {ergonomic}
   size_t G1HeapRegionSize                         = 1048576                                   {product} {ergonomic}
    uintx GCDrainStackTargetSize                   = 64                                        {product} {ergonomic}
   size_t InitialHeapSize                          = 132120576                                 {product} {ergonomic}
   size_t MarkStackSize                            = 4194304                                   {product} {ergonomic}
   size_t MaxHeapSize                              = 2097152000                                {product} {ergonomic}
   size_t MaxNewSize                               = 1258291200                                {product} {ergonomic}
   size_t MinHeapDeltaBytes                        = 1048576                                   {product} {ergonomic}
    uintx NonNMethodCodeHeapSize                   = 5836300                                {pd product} {ergonomic}
    uintx NonProfiledCodeHeapSize                  = 122910970                              {pd product} {ergonomic}
    uintx ProfiledCodeHeapSize                     = 122910970                              {pd product} {ergonomic}
    uintx ReservedCodeCacheSize                    = 251658240                              {pd product} {ergonomic}
     bool SegmentedCodeCache                       = true                                      {product} {ergonomic}
     bool UseCompressedClassPointers               = true                                 {lp64_product} {ergonomic}
     bool UseCompressedOops                        = true                                 {lp64_product} {ergonomic}
     bool UseG1GC                                  = true                                      {product} {ergonomic}
     bool UseLargePagesIndividualAllocation        = false                                  {pd product} {ergonomic}

Logging:
Log output configuration:
 #0: stdout all=warning uptime,level,tags
 #1: stderr all=off uptime,level,tags

Environment Variables:
PATH=C:\Program Files\Common Files\Oracle\Java\javapath;C:\Program Files (x86)\Common Files\Intel\Shared Libraries\redist\intel64\compiler;C:\Program Files (x86)\Common Files\Oracle\Java\javapath;C:\Windows\system32;C:\Windows;C:\Windows\System32\Wbem;C:\Windows\System32\WindowsPowerShell\v1.0\;C:\Windows\System32\OpenSSH\;C:\Program Files (x86)\NVIDIA Corporation\PhysX\Common;C:\Program Files\Java\jdk1.8.0_271\bin;C:\Program Files\MySQL\MySQL Server 8.0\bin;C:\WINDOWS\system32;C:\WINDOWS;C:\WINDOWS\System32\Wbem;C:\WINDOWS\System32\WindowsPowerShell\v1.0\;C:\WINDOWS\System32\OpenSSH\;C:\Program Files\Git\cmd;C:\Program Files\dotnet\;C:\Program Files\MySQL\MySQL Shell 8.0\bin\;C:\Users\Shyamantha Perera\AppData\Local\Microsoft\WindowsApps;;C:\Program Files\Microsoft VS Code\bin
USERNAME=Shyamantha Perera
OS=Windows_NT
PROCESSOR_IDENTIFIER=Intel64 Family 6 Model 126 Stepping 5, GenuineIntel



---------------  S Y S T E M  ---------------

OS: Windows 11 , 64 bit Build 22621 (10.0.22621.2428)

CPU:total 8 (initial active 8) (4 cores per cpu, 2 threads per core) family 6 model 126 stepping 5 microcode 0xa0, cmov, cx8, fxsr, mmx, sse, sse2, sse3, ssse3, sse4.1, sse4.2, popcnt, avx, avx2, aes, clmul, erms, 3dnowpref, lzcnt, ht, tsc, tscinvbit, bmi1, bmi2, adx, evex, sha, fma

Memory: 4k page, system-wide physical 7997M (1648M free)
TotalPageFile size 12093M (AvailPageFile size 254M)
current process WorkingSet (physical memory assigned to process): 120M, peak: 120M
current process commit charge ("private bytes"): 257M, peak: 257M

vm_info: Java HotSpot(TM) 64-Bit Server VM (11.0.17+10-LTS-269) for windows-amd64 JRE (11.0.17+10-LTS-269), built on Sep 13 2022 19:26:37 by "mach5one" with MS VC++ 15.9 (VS2017)

END.
